mode: count
github.com/k1LoW/go-github-client/v36/factory/factory.go:27.29,28.31 1 0
github.com/k1LoW/go-github-client/v36/factory/factory.go:28.31,29.14 1 0
github.com/k1LoW/go-github-client/v36/factory/factory.go:32.3,32.13 1 0
github.com/k1LoW/go-github-client/v36/factory/factory.go:29.14,31.4 1 0
github.com/k1LoW/go-github-client/v36/factory/factory.go:36.32,37.31 1 0
github.com/k1LoW/go-github-client/v36/factory/factory.go:37.31,38.14 1 0
github.com/k1LoW/go-github-client/v36/factory/factory.go:41.3,41.13 1 0
github.com/k1LoW/go-github-client/v36/factory/factory.go:38.14,40.4 1 0
github.com/k1LoW/go-github-client/v36/factory/factory.go:45.43,46.31 1 0
github.com/k1LoW/go-github-client/v36/factory/factory.go:46.31,47.13 1 0
github.com/k1LoW/go-github-client/v36/factory/factory.go:50.3,50.13 1 0
github.com/k1LoW/go-github-client/v36/factory/factory.go:47.13,49.4 1 0
github.com/k1LoW/go-github-client/v36/factory/factory.go:54.51,55.31 1 0
github.com/k1LoW/go-github-client/v36/factory/factory.go:55.31,56.13 1 0
github.com/k1LoW/go-github-client/v36/factory/factory.go:59.3,59.13 1 0
github.com/k1LoW/go-github-client/v36/factory/factory.go:56.13,58.4 1 0
github.com/k1LoW/go-github-client/v36/factory/factory.go:63.39,64.31 1 0
github.com/k1LoW/go-github-client/v36/factory/factory.go:64.31,65.13 1 0
github.com/k1LoW/go-github-client/v36/factory/factory.go:68.3,68.13 1 0
github.com/k1LoW/go-github-client/v36/factory/factory.go:65.13,67.4 1 0
github.com/k1LoW/go-github-client/v36/factory/factory.go:72.62,79.25 2 1
github.com/k1LoW/go-github-client/v36/factory/factory.go:85.2,87.19 2 1
github.com/k1LoW/go-github-client/v36/factory/factory.go:91.2,91.19 1 1
github.com/k1LoW/go-github-client/v36/factory/factory.go:95.2,95.22 1 1
github.com/k1LoW/go-github-client/v36/factory/factory.go:99.2,100.22 2 1
github.com/k1LoW/go-github-client/v36/factory/factory.go:111.2,111.17 1 1
github.com/k1LoW/go-github-client/v36/factory/factory.go:79.25,80.30 1 0
github.com/k1LoW/go-github-client/v36/factory/factory.go:80.30,82.4 1 0
github.com/k1LoW/go-github-client/v36/factory/factory.go:87.19,89.3 1 1
github.com/k1LoW/go-github-client/v36/factory/factory.go:91.19,93.3 1 0
github.com/k1LoW/go-github-client/v36/factory/factory.go:95.22,97.3 1 1
github.com/k1LoW/go-github-client/v36/factory/factory.go:100.22,102.17 2 0
github.com/k1LoW/go-github-client/v36/factory/factory.go:105.3,105.49 1 0
github.com/k1LoW/go-github-client/v36/factory/factory.go:108.3,108.29 1 0
github.com/k1LoW/go-github-client/v36/factory/factory.go:102.17,104.4 1 0
github.com/k1LoW/go-github-client/v36/factory/factory.go:105.49,107.4 1 0
github.com/k1LoW/go-github-client/v36/factory/factory.go:114.52,116.71 2 10
github.com/k1LoW/go-github-client/v36/factory/factory.go:131.2,131.20 1 10
github.com/k1LoW/go-github-client/v36/factory/factory.go:116.71,119.18 2 4
github.com/k1LoW/go-github-client/v36/factory/factory.go:122.3,122.64 1 4
github.com/k1LoW/go-github-client/v36/factory/factory.go:119.18,121.4 1 2
github.com/k1LoW/go-github-client/v36/factory/factory.go:123.8,123.40 1 6
github.com/k1LoW/go-github-client/v36/factory/factory.go:123.40,126.3 1 2
github.com/k1LoW/go-github-client/v36/factory/factory.go:126.8,130.3 2 4
github.com/k1LoW/go-github-client/v36/factory/factory.go:139.75,142.2 2 0
github.com/k1LoW/go-github-client/v36/factory/factory.go:144.41,159.2 3 1
